<?xml version="1.0" encoding="UTF-8"?>
<coverage generated="1633570947317" clover="3.2.0">
  <project timestamp="1633570947317" name="All files">
    <metrics statements="46" coveredstatements="43" conditionals="20" coveredconditionals="16" methods="6" coveredmethods="6" elements="72" coveredelements="65" complexity="0" loc="46" ncloc="46" packages="1" files="5" classes="5"/>
    <file name="insertSort.js" path="/Users/wson/Desktop/wsutil/src/modules/insertSort.js">
      <metrics statements="6" coveredstatements="6" conditionals="2" coveredconditionals="2" methods="1" coveredmethods="1"/>
      <line num="13" count="1" type="stmt"/>
      <line num="14" count="1" type="stmt"/>
      <line num="16" count="3" type="stmt"/>
      <line num="18" count="6" type="cond" truecount="2" falsecount="0"/>
      <line num="19" count="5" type="stmt"/>
      <line num="23" count="1" type="stmt"/>
    </file>
    <file name="instanceof.js" path="/Users/wson/Desktop/wsutil/src/modules/instanceof.js">
      <metrics statements="10" coveredstatements="8" conditionals="4" coveredconditionals="2" methods="1" coveredmethods="1"/>
      <line num="9" count="1" type="stmt"/>
      <line num="10" count="1" type="stmt"/>
      <line num="11" count="1" type="stmt"/>
      <line num="12" count="1" type="stmt"/>
      <line num="13" count="1" type="cond" truecount="1" falsecount="1"/>
      <line num="14" count="0" type="stmt"/>
      <line num="16" count="1" type="cond" truecount="1" falsecount="1"/>
      <line num="17" count="1" type="stmt"/>
      <line num="19" count="0" type="stmt"/>
      <line num="23" count="1" type="stmt"/>
    </file>
    <file name="mergeSort.js" path="/Users/wson/Desktop/wsutil/src/modules/mergeSort.js">
      <metrics statements="14" coveredstatements="14" conditionals="6" coveredconditionals="6" methods="2" coveredmethods="2"/>
      <line num="10" count="1" type="stmt"/>
      <line num="11" count="9" type="stmt"/>
      <line num="12" count="9" type="cond" truecount="2" falsecount="0"/>
      <line num="13" count="5" type="stmt"/>
      <line num="15" count="4" type="stmt"/>
      <line num="16" count="4" type="stmt"/>
      <line num="17" count="4" type="stmt"/>
      <line num="20" count="1" type="stmt"/>
      <line num="21" count="4" type="stmt"/>
      <line num="22" count="4" type="cond" truecount="2" falsecount="0"/>
      <line num="23" count="8" type="cond" truecount="2" falsecount="0"/>
      <line num="24" count="4" type="stmt"/>
      <line num="26" count="4" type="stmt"/>
      <line num="29" count="4" type="stmt"/>
    </file>
    <file name="selectSort.js" path="/Users/wson/Desktop/wsutil/src/modules/selectSort.js">
      <metrics statements="11" coveredstatements="10" conditionals="6" coveredconditionals="5" methods="1" coveredmethods="1"/>
      <line num="10" count="1" type="stmt"/>
      <line num="12" count="1" type="cond" truecount="1" falsecount="1"/>
      <line num="13" count="0" type="stmt"/>
      <line num="15" count="1" type="stmt"/>
      <line num="16" count="5" type="stmt"/>
      <line num="17" count="5" type="stmt"/>
      <line num="18" count="15" type="cond" truecount="2" falsecount="0"/>
      <line num="19" count="2" type="stmt"/>
      <line num="22" count="5" type="cond" truecount="2" falsecount="0"/>
      <line num="23" count="1" type="stmt"/>
      <line num="26" count="1" type="stmt"/>
    </file>
    <file name="shallowClone.js" path="/Users/wson/Desktop/wsutil/src/modules/shallowClone.js">
      <metrics statements="5" coveredstatements="5" conditionals="2" coveredconditionals="1" methods="1" coveredmethods="1"/>
      <line num="16" count="1" type="stmt"/>
      <line num="17" count="1" type="stmt"/>
      <line num="18" count="1" type="cond" truecount="1" falsecount="1"/>
      <line num="19" count="1" type="stmt"/>
      <line num="22" count="1" type="stmt"/>
    </file>
  </project>
</coverage>
