{"/Users/wson/Desktop/wsutil/src/modules/bubbleSort.js": {"path":"/Users/wson/Desktop/wsutil/src/modules/bubbleSort.js","statementMap":{"0":{"start":{"line":9,"column":26},"end":{"line":24,"column":1}},"1":{"start":{"line":11,"column":14},"end":{"line":11,"column":25}},"2":{"start":{"line":14,"column":2},"end":{"line":22,"column":3}},"3":{"start":{"line":14,"column":15},"end":{"line":14,"column":16}},"4":{"start":{"line":17,"column":4},"end":{"line":21,"column":5}},"5":{"start":{"line":17,"column":17},"end":{"line":17,"column":18}},"6":{"start":{"line":18,"column":6},"end":{"line":20,"column":7}},"7":{"start":{"line":19,"column":8},"end":{"line":19,"column":56}},"8":{"start":{"line":23,"column":2},"end":{"line":23,"column":14}}},"fnMap":{"0":{"name":"(anonymous_0)","decl":{"start":{"line":9,"column":26},"end":{"line":9,"column":27}},"loc":{"start":{"line":9,"column":42},"end":{"line":24,"column":1}},"line":9}},"branchMap":{"0":{"loc":{"start":{"line":18,"column":6},"end":{"line":20,"column":7}},"type":"if","locations":[{"start":{"line":18,"column":6},"end":{"line":20,"column":7}},{"start":{"line":18,"column":6},"end":{"line":20,"column":7}}],"line":18}},"s":{"0":1,"1":1,"2":1,"3":1,"4":4,"5":4,"6":10,"7":4,"8":1},"f":{"0":1},"b":{"0":[4,6]},"_coverageSchema":"1a1c01bbd47fc00a2c39e90264f33305004495a9","hash":"ebfc5cc9c7d1732a3d951994f0f3ce1a34cda2a7"}
}
