{"/Users/wson/Desktop/wsutil/src/modules/bubbleSort.js": {"path":"/Users/wson/Desktop/wsutil/src/modules/bubbleSort.js","statementMap":{"0":{"start":{"line":9,"column":26},"end":{"line":24,"column":1}},"1":{"start":{"line":11,"column":14},"end":{"line":11,"column":25}},"2":{"start":{"line":14,"column":2},"end":{"line":22,"column":3}},"3":{"start":{"line":14,"column":15},"end":{"line":14,"column":16}},"4":{"start":{"line":17,"column":4},"end":{"line":21,"column":5}},"5":{"start":{"line":17,"column":17},"end":{"line":17,"column":18}},"6":{"start":{"line":18,"column":6},"end":{"line":20,"column":7}},"7":{"start":{"line":19,"column":8},"end":{"line":19,"column":56}},"8":{"start":{"line":23,"column":2},"end":{"line":23,"column":14}}},"fnMap":{"0":{"name":"(anonymous_0)","decl":{"start":{"line":9,"column":26},"end":{"line":9,"column":27}},"loc":{"start":{"line":9,"column":42},"end":{"line":24,"column":1}},"line":9}},"branchMap":{"0":{"loc":{"start":{"line":18,"column":6},"end":{"line":20,"column":7}},"type":"if","locations":[{"start":{"line":18,"column":6},"end":{"line":20,"column":7}},{"start":{"line":18,"column":6},"end":{"line":20,"column":7}}],"line":18}},"s":{"0":1,"1":1,"2":1,"3":1,"4":4,"5":4,"6":10,"7":4,"8":1},"f":{"0":1},"b":{"0":[4,6]},"_coverageSchema":"1a1c01bbd47fc00a2c39e90264f33305004495a9","hash":"ebfc5cc9c7d1732a3d951994f0f3ce1a34cda2a7"}
,"/Users/wson/Desktop/wsutil/src/modules/const.js": {"path":"/Users/wson/Desktop/wsutil/src/modules/const.js","statementMap":{"0":{"start":{"line":8,"column":20},"end":{"line":24,"column":1}},"1":{"start":{"line":9,"column":2},"end":{"line":9,"column":22}},"2":{"start":{"line":10,"column":2},"end":{"line":23,"column":5}},"3":{"start":{"line":14,"column":6},"end":{"line":14,"column":19}},"4":{"start":{"line":17,"column":6},"end":{"line":21,"column":7}},"5":{"start":{"line":18,"column":8},"end":{"line":18,"column":64}},"6":{"start":{"line":20,"column":8},"end":{"line":20,"column":21}}},"fnMap":{"0":{"name":"(anonymous_0)","decl":{"start":{"line":8,"column":20},"end":{"line":8,"column":21}},"loc":{"start":{"line":8,"column":43},"end":{"line":24,"column":1}},"line":8},"1":{"name":"(anonymous_1)","decl":{"start":{"line":13,"column":9},"end":{"line":13,"column":10}},"loc":{"start":{"line":13,"column":21},"end":{"line":15,"column":5}},"line":13},"2":{"name":"(anonymous_2)","decl":{"start":{"line":16,"column":9},"end":{"line":16,"column":10}},"loc":{"start":{"line":16,"column":25},"end":{"line":22,"column":5}},"line":16}},"branchMap":{"0":{"loc":{"start":{"line":17,"column":6},"end":{"line":21,"column":7}},"type":"if","locations":[{"start":{"line":17,"column":6},"end":{"line":21,"column":7}},{"start":{"line":17,"column":6},"end":{"line":21,"column":7}}],"line":17}},"s":{"0":1,"1":1,"2":1,"3":1,"4":0,"5":0,"6":0},"f":{"0":1,"1":1,"2":0},"b":{"0":[0,0]},"_coverageSchema":"1a1c01bbd47fc00a2c39e90264f33305004495a9","hash":"bd9384fbc598b5cb6e410cc803ee53a652971a86"}
,"/Users/wson/Desktop/wsutil/src/modules/curry.js": {"path":"/Users/wson/Desktop/wsutil/src/modules/curry.js","statementMap":{"0":{"start":{"line":8,"column":21},"end":{"line":18,"column":1}},"1":{"start":{"line":9,"column":17},"end":{"line":9,"column":26}},"2":{"start":{"line":10,"column":2},"end":{"line":17,"column":4}},"3":{"start":{"line":11,"column":4},"end":{"line":11,"column":62}},"4":{"start":{"line":12,"column":4},"end":{"line":16,"column":5}},"5":{"start":{"line":13,"column":6},"end":{"line":13,"column":43}},"6":{"start":{"line":15,"column":6},"end":{"line":15,"column":34}}},"fnMap":{"0":{"name":"(anonymous_0)","decl":{"start":{"line":8,"column":21},"end":{"line":8,"column":22}},"loc":{"start":{"line":8,"column":44},"end":{"line":18,"column":1}},"line":8},"1":{"name":"(anonymous_1)","decl":{"start":{"line":10,"column":9},"end":{"line":10,"column":10}},"loc":{"start":{"line":10,"column":21},"end":{"line":17,"column":3}},"line":10}},"branchMap":{"0":{"loc":{"start":{"line":12,"column":4},"end":{"line":16,"column":5}},"type":"if","locations":[{"start":{"line":12,"column":4},"end":{"line":16,"column":5}},{"start":{"line":12,"column":4},"end":{"line":16,"column":5}}],"line":12}},"s":{"0":1,"1":2,"2":2,"3":2,"4":2,"5":1,"6":1},"f":{"0":2,"1":2},"b":{"0":[1,1]},"_coverageSchema":"1a1c01bbd47fc00a2c39e90264f33305004495a9","hash":"f8319340b3b123c083d15681c842d8337fcd63dd"}
,"/Users/wson/Desktop/wsutil/src/modules/getType.js": {"path":"/Users/wson/Desktop/wsutil/src/modules/getType.js","statementMap":{"0":{"start":{"line":8,"column":23},"end":{"line":19,"column":1}},"1":{"start":{"line":9,"column":2},"end":{"line":11,"column":3}},"2":{"start":{"line":10,"column":4},"end":{"line":10,"column":23}},"3":{"start":{"line":12,"column":2},"end":{"line":18,"column":17}}},"fnMap":{"0":{"name":"(anonymous_0)","decl":{"start":{"line":8,"column":23},"end":{"line":8,"column":24}},"loc":{"start":{"line":8,"column":38},"end":{"line":19,"column":1}},"line":8}},"branchMap":{"0":{"loc":{"start":{"line":9,"column":2},"end":{"line":11,"column":3}},"type":"if","locations":[{"start":{"line":9,"column":2},"end":{"line":11,"column":3}},{"start":{"line":9,"column":2},"end":{"line":11,"column":3}}],"line":9},"1":{"loc":{"start":{"line":12,"column":9},"end":{"line":18,"column":16}},"type":"cond-expr","locations":[{"start":{"line":13,"column":6},"end":{"line":17,"column":22}},{"start":{"line":18,"column":6},"end":{"line":18,"column":16}}],"line":12}},"s":{"0":1,"1":1,"2":0,"3":1},"f":{"0":1},"b":{"0":[0,1],"1":[1,0]},"_coverageSchema":"1a1c01bbd47fc00a2c39e90264f33305004495a9","hash":"2e72fc9ce4e8f11d489bbc099f48d4e373995728"}
,"/Users/wson/Desktop/wsutil/src/modules/insertSort.js": {"path":"/Users/wson/Desktop/wsutil/src/modules/insertSort.js","statementMap":{"0":{"start":{"line":13,"column":26},"end":{"line":28,"column":1}},"1":{"start":{"line":16,"column":2},"end":{"line":26,"column":3}},"2":{"start":{"line":16,"column":15},"end":{"line":16,"column":16}},"3":{"start":{"line":20,"column":4},"end":{"line":25,"column":5}},"4":{"start":{"line":20,"column":17},"end":{"line":20,"column":22}},"5":{"start":{"line":22,"column":6},"end":{"line":24,"column":7}},"6":{"start":{"line":23,"column":8},"end":{"line":23,"column":52}},"7":{"start":{"line":27,"column":2},"end":{"line":27,"column":13}}},"fnMap":{"0":{"name":"(anonymous_0)","decl":{"start":{"line":13,"column":26},"end":{"line":13,"column":27}},"loc":{"start":{"line":13,"column":35},"end":{"line":28,"column":1}},"line":13}},"branchMap":{"0":{"loc":{"start":{"line":22,"column":6},"end":{"line":24,"column":7}},"type":"if","locations":[{"start":{"line":22,"column":6},"end":{"line":24,"column":7}},{"start":{"line":22,"column":6},"end":{"line":24,"column":7}}],"line":22}},"s":{"0":1,"1":1,"2":1,"3":3,"4":3,"5":6,"6":5,"7":1},"f":{"0":1},"b":{"0":[5,1]},"_coverageSchema":"1a1c01bbd47fc00a2c39e90264f33305004495a9","hash":"740784523de22299185e9bd9ab0fc436ca24c0e2"}
,"/Users/wson/Desktop/wsutil/src/modules/instanceof.js": {"path":"/Users/wson/Desktop/wsutil/src/modules/instanceof.js","statementMap":{"0":{"start":{"line":9,"column":19},"end":{"line":18,"column":1}},"1":{"start":{"line":10,"column":14},"end":{"line":10,"column":41}},"2":{"start":{"line":11,"column":2},"end":{"line":16,"column":3}},"3":{"start":{"line":12,"column":4},"end":{"line":14,"column":5}},"4":{"start":{"line":13,"column":6},"end":{"line":13,"column":18}},"5":{"start":{"line":15,"column":4},"end":{"line":15,"column":41}},"6":{"start":{"line":17,"column":2},"end":{"line":17,"column":15}},"7":{"start":{"line":20,"column":0},"end":{"line":20,"column":28}}},"fnMap":{"0":{"name":"(anonymous_0)","decl":{"start":{"line":9,"column":19},"end":{"line":9,"column":20}},"loc":{"start":{"line":9,"column":41},"end":{"line":18,"column":1}},"line":9}},"branchMap":{"0":{"loc":{"start":{"line":12,"column":4},"end":{"line":14,"column":5}},"type":"if","locations":[{"start":{"line":12,"column":4},"end":{"line":14,"column":5}},{"start":{"line":12,"column":4},"end":{"line":14,"column":5}}],"line":12}},"s":{"0":1,"1":1,"2":1,"3":1,"4":1,"5":0,"6":0,"7":1},"f":{"0":1},"b":{"0":[1,0]},"_coverageSchema":"1a1c01bbd47fc00a2c39e90264f33305004495a9","hash":"70148e9eb8cb78ddbff08acf5b11a16659808216"}
,"/Users/wson/Desktop/wsutil/src/modules/mergeSort.js": {"path":"/Users/wson/Desktop/wsutil/src/modules/mergeSort.js","statementMap":{"0":{"start":{"line":10,"column":25},"end":{"line":18,"column":1}},"1":{"start":{"line":11,"column":15},"end":{"line":11,"column":29}},"2":{"start":{"line":12,"column":2},"end":{"line":14,"column":3}},"3":{"start":{"line":13,"column":4},"end":{"line":13,"column":15}},"4":{"start":{"line":15,"column":15},"end":{"line":15,"column":33}},"5":{"start":{"line":16,"column":16},"end":{"line":16,"column":31}},"6":{"start":{"line":17,"column":2},"end":{"line":17,"column":50}},"7":{"start":{"line":20,"column":14},"end":{"line":30,"column":1}},"8":{"start":{"line":21,"column":14},"end":{"line":21,"column":16}},"9":{"start":{"line":22,"column":2},"end":{"line":28,"column":3}},"10":{"start":{"line":23,"column":4},"end":{"line":27,"column":5}},"11":{"start":{"line":24,"column":6},"end":{"line":24,"column":30}},"12":{"start":{"line":26,"column":6},"end":{"line":26,"column":29}},"13":{"start":{"line":29,"column":2},"end":{"line":29,"column":37}}},"fnMap":{"0":{"name":"(anonymous_0)","decl":{"start":{"line":10,"column":25},"end":{"line":10,"column":26}},"loc":{"start":{"line":10,"column":34},"end":{"line":18,"column":1}},"line":10},"1":{"name":"(anonymous_1)","decl":{"start":{"line":20,"column":14},"end":{"line":20,"column":15}},"loc":{"start":{"line":20,"column":31},"end":{"line":30,"column":1}},"line":20}},"branchMap":{"0":{"loc":{"start":{"line":12,"column":2},"end":{"line":14,"column":3}},"type":"if","locations":[{"start":{"line":12,"column":2},"end":{"line":14,"column":3}},{"start":{"line":12,"column":2},"end":{"line":14,"column":3}}],"line":12},"1":{"loc":{"start":{"line":22,"column":9},"end":{"line":22,"column":44}},"type":"binary-expr","locations":[{"start":{"line":22,"column":9},"end":{"line":22,"column":24}},{"start":{"line":22,"column":28},"end":{"line":22,"column":44}}],"line":22},"2":{"loc":{"start":{"line":23,"column":4},"end":{"line":27,"column":5}},"type":"if","locations":[{"start":{"line":23,"column":4},"end":{"line":27,"column":5}},{"start":{"line":23,"column":4},"end":{"line":27,"column":5}}],"line":23}},"s":{"0":1,"1":9,"2":9,"3":5,"4":4,"5":4,"6":4,"7":1,"8":4,"9":4,"10":8,"11":4,"12":4,"13":4},"f":{"0":9,"1":4},"b":{"0":[5,4],"1":[12,9],"2":[4,4]},"_coverageSchema":"1a1c01bbd47fc00a2c39e90264f33305004495a9","hash":"4268d3f621a37b809de26b97a79138ba05a6553c"}
,"/Users/wson/Desktop/wsutil/src/modules/selectSort.js": {"path":"/Users/wson/Desktop/wsutil/src/modules/selectSort.js","statementMap":{"0":{"start":{"line":10,"column":26},"end":{"line":26,"column":1}},"1":{"start":{"line":11,"column":2},"end":{"line":24,"column":3}},"2":{"start":{"line":11,"column":15},"end":{"line":11,"column":16}},"3":{"start":{"line":13,"column":14},"end":{"line":13,"column":15}},"4":{"start":{"line":15,"column":4},"end":{"line":19,"column":5}},"5":{"start":{"line":15,"column":17},"end":{"line":15,"column":18}},"6":{"start":{"line":16,"column":6},"end":{"line":18,"column":7}},"7":{"start":{"line":17,"column":8},"end":{"line":17,"column":16}},"8":{"start":{"line":21,"column":4},"end":{"line":23,"column":5}},"9":{"start":{"line":22,"column":6},"end":{"line":22,"column":46}},"10":{"start":{"line":25,"column":2},"end":{"line":25,"column":13}}},"fnMap":{"0":{"name":"(anonymous_0)","decl":{"start":{"line":10,"column":26},"end":{"line":10,"column":27}},"loc":{"start":{"line":10,"column":35},"end":{"line":26,"column":1}},"line":10}},"branchMap":{"0":{"loc":{"start":{"line":16,"column":6},"end":{"line":18,"column":7}},"type":"if","locations":[{"start":{"line":16,"column":6},"end":{"line":18,"column":7}},{"start":{"line":16,"column":6},"end":{"line":18,"column":7}}],"line":16},"1":{"loc":{"start":{"line":21,"column":4},"end":{"line":23,"column":5}},"type":"if","locations":[{"start":{"line":21,"column":4},"end":{"line":23,"column":5}},{"start":{"line":21,"column":4},"end":{"line":23,"column":5}}],"line":21}},"s":{"0":1,"1":1,"2":1,"3":5,"4":5,"5":5,"6":15,"7":2,"8":5,"9":1,"10":1},"f":{"0":1},"b":{"0":[2,13],"1":[1,4]},"_coverageSchema":"1a1c01bbd47fc00a2c39e90264f33305004495a9","hash":"33e842ec7cb2f0d0617cfaf030d67769fa251c56"}
,"/Users/wson/Desktop/wsutil/src/modules/shallowClone.js": {"path":"/Users/wson/Desktop/wsutil/src/modules/shallowClone.js","statementMap":{"0":{"start":{"line":16,"column":17},"end":{"line":16,"column":19}},"1":{"start":{"line":17,"column":2},"end":{"line":22,"column":3}},"2":{"start":{"line":18,"column":4},"end":{"line":21,"column":5}},"3":{"start":{"line":20,"column":6},"end":{"line":20,"column":28}},"4":{"start":{"line":23,"column":2},"end":{"line":23,"column":16}}},"fnMap":{"0":{"name":"shallowClone","decl":{"start":{"line":15,"column":16},"end":{"line":15,"column":28}},"loc":{"start":{"line":15,"column":37},"end":{"line":24,"column":1}},"line":15}},"branchMap":{"0":{"loc":{"start":{"line":18,"column":4},"end":{"line":21,"column":5}},"type":"if","locations":[{"start":{"line":18,"column":4},"end":{"line":21,"column":5}},{"start":{"line":18,"column":4},"end":{"line":21,"column":5}}],"line":18}},"s":{"0":1,"1":1,"2":1,"3":1,"4":1},"f":{"0":1},"b":{"0":[1,0]},"_coverageSchema":"1a1c01bbd47fc00a2c39e90264f33305004495a9","hash":"b2e5dcc9779c2bf8e900b67533760a070cf47280"}
}
