TN:
SF:src/modules/bubbleSort.js
FN:9,(anonymous_0)
FNF:1
FNH:1
FNDA:1,(anonymous_0)
DA:9,1
DA:11,1
DA:14,1
DA:17,4
DA:18,10
DA:19,4
DA:23,1
LF:7
LH:7
BRDA:18,0,0,4
BRDA:18,0,1,6
BRF:2
BRH:2
end_of_record
TN:
SF:src/modules/const.js
FN:27,(anonymous_0)
FN:32,(anonymous_1)
FN:35,(anonymous_2)
FNF:3
FNH:2
FNDA:1,(anonymous_0)
FNDA:1,(anonymous_1)
FNDA:0,(anonymous_2)
DA:27,1
DA:28,1
DA:29,1
DA:33,1
DA:36,0
DA:43,1
DA:44,1
LF:7
LH:6
BRF:0
BRH:0
end_of_record
TN:
SF:src/modules/curry.js
FN:8,(anonymous_0)
FN:10,(anonymous_1)
FNF:2
FNH:2
FNDA:2,(anonymous_0)
FNDA:2,(anonymous_1)
DA:8,1
DA:9,2
DA:10,2
DA:11,2
DA:12,2
DA:13,1
DA:15,1
LF:7
LH:7
BRDA:12,0,0,1
BRDA:12,0,1,1
BRF:2
BRH:2
end_of_record
TN:
SF:src/modules/getType.js
FN:8,(anonymous_0)
FNF:1
FNH:1
FNDA:1,(anonymous_0)
DA:8,1
DA:9,1
DA:10,1
DA:11,0
DA:13,1
LF:5
LH:4
BRDA:10,0,0,0
BRDA:10,0,1,1
BRF:2
BRH:1
end_of_record
TN:
SF:src/modules/insertSort.js
FN:13,(anonymous_0)
FNF:1
FNH:1
FNDA:1,(anonymous_0)
DA:13,1
DA:16,1
DA:20,3
DA:22,6
DA:23,5
DA:27,1
LF:6
LH:6
BRDA:22,0,0,5
BRDA:22,0,1,1
BRF:2
BRH:2
end_of_record
TN:
SF:src/modules/instanceof.js
FN:9,(anonymous_0)
FNF:1
FNH:1
FNDA:1,(anonymous_0)
DA:9,1
DA:10,1
DA:11,1
DA:12,1
DA:13,1
DA:15,0
DA:17,0
DA:20,1
LF:8
LH:6
BRDA:12,0,0,1
BRDA:12,0,1,0
BRF:2
BRH:1
end_of_record
TN:
SF:src/modules/mergeSort.js
FN:10,(anonymous_0)
FN:20,(anonymous_1)
FNF:2
FNH:2
FNDA:9,(anonymous_0)
FNDA:4,(anonymous_1)
DA:10,1
DA:11,9
DA:12,9
DA:13,5
DA:15,4
DA:16,4
DA:17,4
DA:20,1
DA:21,4
DA:22,4
DA:23,8
DA:24,4
DA:26,4
DA:29,4
LF:14
LH:14
BRDA:12,0,0,5
BRDA:12,0,1,4
BRDA:22,1,0,12
BRDA:22,1,1,9
BRDA:23,2,0,4
BRDA:23,2,1,4
BRF:6
BRH:6
end_of_record
TN:
SF:src/modules/selectSort.js
FN:10,(anonymous_0)
FNF:1
FNH:1
FNDA:1,(anonymous_0)
DA:10,1
DA:11,1
DA:13,5
DA:15,5
DA:16,15
DA:17,2
DA:21,5
DA:22,1
DA:25,1
LF:9
LH:9
BRDA:16,0,0,2
BRDA:16,0,1,13
BRDA:21,1,0,1
BRDA:21,1,1,4
BRF:4
BRH:4
end_of_record
TN:
SF:src/modules/shallowClone.js
FN:15,shallowClone
FNF:1
FNH:1
FNDA:1,shallowClone
DA:16,1
DA:17,1
DA:18,1
DA:20,1
DA:23,1
LF:5
LH:5
BRDA:18,0,0,1
BRDA:18,0,1,0
BRF:2
BRH:1
end_of_record
