TN:
SF:src/modules/insertSort.js
FN:13,(anonymous_0)
FNF:1
FNH:1
FNDA:1,(anonymous_0)
DA:13,1
DA:14,1
DA:16,3
DA:18,6
DA:19,5
DA:23,1
LF:6
LH:6
BRDA:18,0,0,5
BRDA:18,0,1,1
BRF:2
BRH:2
end_of_record
TN:
SF:src/modules/selectSort.js
FN:10,(anonymous_0)
FNF:1
FNH:1
FNDA:1,(anonymous_0)
DA:10,1
DA:12,1
DA:13,0
DA:15,1
DA:16,5
DA:17,5
DA:18,15
DA:19,2
DA:22,5
DA:23,1
DA:26,1
LF:11
LH:10
BRDA:12,0,0,0
BRDA:12,0,1,1
BRDA:18,1,0,2
BRDA:18,1,1,13
BRDA:22,2,0,1
BRDA:22,2,1,4
BRF:6
BRH:5
end_of_record
TN:
SF:src/modules/shallowClone.js
FN:15,shallowClone
FNF:1
FNH:1
FNDA:1,shallowClone
DA:16,1
DA:17,1
DA:18,1
DA:19,1
DA:22,1
LF:5
LH:5
BRDA:18,0,0,1
BRDA:18,0,1,0
BRF:2
BRH:1
end_of_record
